2014/04/18 08:05:16 [error] [application] UiController
CrugeUser->validate es false
<div class="errorSummary"><p>Please fix the following input errors:</p>
<ul>
<li>Password: cannot be blank.</li>
<li>clave invalida</li>
</ul></div>
in /Applications/MAMP/htdocs/spp_ieci_ici/protected/modules/cruge/controllers/UiController.php (158)
in /Applications/MAMP/htdocs/spp_ieci_ici/index.php (13)
2014/04/18 13:09:57 [error] [exception.CDbException] exception 'CDbException' with message 'CDbConnection failed to open the DB connection: SQLSTATE[28000] [1045] Access denied for user 'grupo12'@'localhost' (using password: YES)' in /Applications/MAMP/htdocs/grupo12/yii/framework/db/CDbConnection.php:382
Stack trace:
#0 /Applications/MAMP/htdocs/grupo12/yii/framework/db/CDbConnection.php(330): CDbConnection->open()
#1 /Applications/MAMP/htdocs/grupo12/yii/framework/db/CDbConnection.php(308): CDbConnection->setActive(true)
#2 /Applications/MAMP/htdocs/grupo12/yii/framework/base/CModule.php(387): CDbConnection->init()
#3 /Applications/MAMP/htdocs/grupo12/yii/framework/base/CApplication.php(450): CModule->getComponent('db')
#4 /Applications/MAMP/htdocs/grupo12/yii/framework/db/ar/CActiveRecord.php(634): CApplication->getDb()
#5 /Applications/MAMP/htdocs/grupo12/yii/framework/db/ar/CActiveRecord.php(1428): CActiveRecord->getDbConnection()
#6 /Applications/MAMP/htdocs/grupo12/yii/framework/db/ar/CActiveRecord.php(1484): CActiveRecord->getTableAlias(true)
#7 /Applications/MAMP/htdocs/grupo12/spp_ieci_ici/protected/modules/cruge/models/data/CrugeSession.php(90): CActiveRecord->findByPk('0')
#8 /Applications/MAMP/htdocs/grupo12/spp_ieci_ici/protected/modules/cruge/components/CrugeFactory.php(46): CrugeSession::loadModel('0')
#9 /Applications/MAMP/htdocs/grupo12/spp_ieci_ici/protected/modules/cruge/components/CrugeUserManager.php(412): CrugeFactory->getICrugeSession('0')
#10 /Applications/MAMP/htdocs/grupo12/spp_ieci_ici/protected/modules/cruge/components/CrugeWebUser.php(451): CrugeUserManager->loadSession('0')
#11 /Applications/MAMP/htdocs/grupo12/spp_ieci_ici/protected/modules/cruge/components/CrugeWebUser.php(229): CrugeWebUser->getICrugeSession()
#12 /Applications/MAMP/htdocs/grupo12/spp_ieci_ici/protected/modules/cruge/components/CrugeWebUser.php(242): CrugeWebUser->getId()
#13 /Applications/MAMP/htdocs/grupo12/yii/framework/web/auth/CWebUser.php(200): CrugeWebUser->getIsGuest()
#14 /Applications/MAMP/htdocs/grupo12/spp_ieci_ici/protected/modules/cruge/components/CrugeWebUser.php(45): CWebUser->init()
#15 /Applications/MAMP/htdocs/grupo12/yii/framework/base/CModule.php(387): CrugeWebUser->init()
#16 /Applications/MAMP/htdocs/grupo12/yii/framework/base/CModule.php(103): CModule->getComponent('user')
#17 /Applications/MAMP/htdocs/grupo12/spp_ieci_ici/protected/views/layouts/main.php(36): CModule->__get('user')
#18 /Applications/MAMP/htdocs/grupo12/yii/framework/web/CBaseController.php(126): require('/Applications/M...')
#19 /Applications/MAMP/htdocs/grupo12/yii/framework/web/CBaseController.php(95): CBaseController->renderInternal('/Applications/M...', Array, true)
#20 /Applications/MAMP/htdocs/grupo12/yii/framework/web/widgets/CContentDecorator.php(76): CBaseController->renderFile('/Applications/M...', Array, true)
#21 /Applications/MAMP/htdocs/grupo12/yii/framework/web/widgets/CContentDecorator.php(54): CContentDecorator->decorate('<div id="conten...')
#22 /Applications/MAMP/htdocs/grupo12/yii/framework/web/widgets/COutputProcessor.php(44): CContentDecorator->processOutput('<div id="conten...')
#23 /Applications/MAMP/htdocs/grupo12/yii/framework/web/CBaseController.php(206): COutputProcessor->run()
#24 /Applications/MAMP/htdocs/grupo12/yii/framework/web/CBaseController.php(300): CBaseController->endWidget('CContentDecorat...')
#25 /Applications/MAMP/htdocs/grupo12/spp_ieci_ici/protected/views/layouts/column1.php(6): CBaseController->endContent()
#26 /Applications/MAMP/htdocs/grupo12/yii/framework/web/CBaseController.php(126): require('/Applications/M...')
#27 /Applications/MAMP/htdocs/grupo12/yii/framework/web/CBaseController.php(95): CBaseController->renderInternal('/Applications/M...', Array, true)
#28 /Applications/MAMP/htdocs/grupo12/yii/framework/web/CController.php(784): CBaseController->renderFile('/Applications/M...', Array, true)
#29 /Applications/MAMP/htdocs/grupo12/spp_ieci_ici/protected/controllers/SiteController.php(32): CController->render('index')
#30 /Applications/MAMP/htdocs/grupo12/yii/framework/web/actions/CInlineAction.php(49): SiteController->actionIndex()
#31 /Applications/MAMP/htdocs/grupo12/yii/framework/web/CController.php(308): CInlineAction->runWithParams(Array)
#32 /Applications/MAMP/htdocs/grupo12/yii/framework/web/CController.php(286): CController->runAction(Object(CInlineAction))
#33 /Applications/MAMP/htdocs/grupo12/yii/framework/web/CController.php(265): CController->runActionWithFilters(Object(CInlineAction), Array)
#34 /Applications/MAMP/htdocs/grupo12/yii/framework/web/CWebApplication.php(282): CController->run('')
#35 /Applications/MAMP/htdocs/grupo12/yii/framework/web/CWebApplication.php(141): CWebApplication->runController('')
#36 /Applications/MAMP/htdocs/grupo12/yii/framework/base/CApplication.php(180): CWebApplication->processRequest()
#37 /Applications/MAMP/htdocs/grupo12/spp_ieci_ici/index.php(13): CApplication->run()
#38 {main}
REQUEST_URI=/grupo12/spp_ieci_ici/
---
2014/04/25 06:06:27 [error] [php] Undefined variable: content (/Applications/MAMP/htdocs/grupo12/spp_ieci_ici/protected/views/site/index.php:45)
Stack trace:
#0 /Applications/MAMP/htdocs/grupo12/yii/framework/web/CController.php(869): SiteController->renderFile()
#1 /Applications/MAMP/htdocs/grupo12/yii/framework/web/CController.php(782): SiteController->renderPartial()
#2 /Applications/MAMP/htdocs/grupo12/spp_ieci_ici/protected/controllers/SiteController.php(32): SiteController->render()
#3 /Applications/MAMP/htdocs/grupo12/yii/framework/web/actions/CInlineAction.php(49): SiteController->actionIndex()
#4 /Applications/MAMP/htdocs/grupo12/yii/framework/web/CController.php(308): CInlineAction->runWithParams()
#5 /Applications/MAMP/htdocs/grupo12/yii/framework/web/CController.php(286): SiteController->runAction()
#6 /Applications/MAMP/htdocs/grupo12/yii/framework/web/CController.php(265): SiteController->runActionWithFilters()
#7 /Applications/MAMP/htdocs/grupo12/yii/framework/web/CWebApplication.php(282): SiteController->run()
#8 /Applications/MAMP/htdocs/grupo12/yii/framework/web/CWebApplication.php(141): CWebApplication->runController()
#9 /Applications/MAMP/htdocs/grupo12/yii/framework/base/CApplication.php(180): CWebApplication->processRequest()
#10 /Applications/MAMP/htdocs/grupo12/spp_ieci_ici/index.php(13): CWebApplication->run()
REQUEST_URI=/grupo12/spp_ieci_ici/index.php
in /Applications/MAMP/htdocs/grupo12/spp_ieci_ici/protected/views/site/index.php (45)
in /Applications/MAMP/htdocs/grupo12/spp_ieci_ici/protected/controllers/SiteController.php (32)
in /Applications/MAMP/htdocs/grupo12/spp_ieci_ici/index.php (13)
2014/04/25 06:08:52 [error] [php] Undefined variable: content (/Applications/MAMP/htdocs/grupo12/spp_ieci_ici/protected/views/site/index.php:45)
Stack trace:
#0 /Applications/MAMP/htdocs/grupo12/yii/framework/web/CController.php(869): SiteController->renderFile()
#1 /Applications/MAMP/htdocs/grupo12/yii/framework/web/CController.php(782): SiteController->renderPartial()
#2 /Applications/MAMP/htdocs/grupo12/spp_ieci_ici/protected/controllers/SiteController.php(32): SiteController->render()
#3 /Applications/MAMP/htdocs/grupo12/yii/framework/web/actions/CInlineAction.php(49): SiteController->actionIndex()
#4 /Applications/MAMP/htdocs/grupo12/yii/framework/web/CController.php(308): CInlineAction->runWithParams()
#5 /Applications/MAMP/htdocs/grupo12/yii/framework/web/CController.php(286): SiteController->runAction()
#6 /Applications/MAMP/htdocs/grupo12/yii/framework/web/CController.php(265): SiteController->runActionWithFilters()
#7 /Applications/MAMP/htdocs/grupo12/yii/framework/web/CWebApplication.php(282): SiteController->run()
#8 /Applications/MAMP/htdocs/grupo12/yii/framework/web/CWebApplication.php(141): CWebApplication->runController()
#9 /Applications/MAMP/htdocs/grupo12/yii/framework/base/CApplication.php(180): CWebApplication->processRequest()
#10 /Applications/MAMP/htdocs/grupo12/spp_ieci_ici/index.php(13): CWebApplication->run()
REQUEST_URI=/grupo12/spp_ieci_ici/index.php
in /Applications/MAMP/htdocs/grupo12/spp_ieci_ici/protected/views/site/index.php (45)
in /Applications/MAMP/htdocs/grupo12/spp_ieci_ici/protected/controllers/SiteController.php (32)
in /Applications/MAMP/htdocs/grupo12/spp_ieci_ici/index.php (13)
2014/04/25 06:08:55 [error] [php] Undefined variable: content (/Applications/MAMP/htdocs/grupo12/spp_ieci_ici/protected/views/site/index.php:45)
Stack trace:
#0 /Applications/MAMP/htdocs/grupo12/yii/framework/web/CController.php(869): SiteController->renderFile()
#1 /Applications/MAMP/htdocs/grupo12/yii/framework/web/CController.php(782): SiteController->renderPartial()
#2 /Applications/MAMP/htdocs/grupo12/spp_ieci_ici/protected/controllers/SiteController.php(32): SiteController->render()
#3 /Applications/MAMP/htdocs/grupo12/yii/framework/web/actions/CInlineAction.php(49): SiteController->actionIndex()
#4 /Applications/MAMP/htdocs/grupo12/yii/framework/web/CController.php(308): CInlineAction->runWithParams()
#5 /Applications/MAMP/htdocs/grupo12/yii/framework/web/CController.php(286): SiteController->runAction()
#6 /Applications/MAMP/htdocs/grupo12/yii/framework/web/CController.php(265): SiteController->runActionWithFilters()
#7 /Applications/MAMP/htdocs/grupo12/yii/framework/web/CWebApplication.php(282): SiteController->run()
#8 /Applications/MAMP/htdocs/grupo12/yii/framework/web/CWebApplication.php(141): CWebApplication->runController()
#9 /Applications/MAMP/htdocs/grupo12/yii/framework/base/CApplication.php(180): CWebApplication->processRequest()
#10 /Applications/MAMP/htdocs/grupo12/spp_ieci_ici/index.php(13): CWebApplication->run()
REQUEST_URI=/grupo12/spp_ieci_ici/index.php
in /Applications/MAMP/htdocs/grupo12/spp_ieci_ici/protected/views/site/index.php (45)
in /Applications/MAMP/htdocs/grupo12/spp_ieci_ici/protected/controllers/SiteController.php (32)
in /Applications/MAMP/htdocs/grupo12/spp_ieci_ici/index.php (13)
2014/04/25 06:09:13 [warning] [application] CrugeFactory::getICrugeStoredUser
 **NO HALLADO** 17044857k
in /Applications/MAMP/htdocs/grupo12/spp_ieci_ici/protected/modules/cruge/components/CrugeFactory.php (322)
in /Applications/MAMP/htdocs/grupo12/spp_ieci_ici/protected/modules/cruge/components/CrugeUserManager.php (252)
in /Applications/MAMP/htdocs/grupo12/spp_ieci_ici/protected/modules/cruge/models/ui/CrugeLogon.php (58)
2014/04/25 06:09:13 [warning] [application] CrugeFactory::getICrugeStoredUser
 **NO HALLADO** 17044857k
in /Applications/MAMP/htdocs/grupo12/spp_ieci_ici/protected/modules/cruge/components/CrugeFactory.php (322)
in /Applications/MAMP/htdocs/grupo12/spp_ieci_ici/protected/modules/cruge/components/CrugeUserManager.php (252)
in /Applications/MAMP/htdocs/grupo12/spp_ieci_ici/protected/modules/cruge/models/auth/CrugeAuthDefault.php (68)
2014/04/25 06:09:13 [error] [application] UiController
CrugeUser->validate es false
<div class="errorSummary"><p>Please fix the following input errors:</p>
<ul>
<li>User not found</li>
<li>usuario o correo invalido</li>
</ul></div>
in /Applications/MAMP/htdocs/grupo12/spp_ieci_ici/protected/modules/cruge/controllers/UiController.php (158)
in /Applications/MAMP/htdocs/grupo12/spp_ieci_ici/index.php (13)
2014/04/25 06:09:31 [warning] [application] CrugeFactory::getICrugeStoredUser
 **NO HALLADO** 96842198
in /Applications/MAMP/htdocs/grupo12/spp_ieci_ici/protected/modules/cruge/components/CrugeFactory.php (322)
in /Applications/MAMP/htdocs/grupo12/spp_ieci_ici/protected/modules/cruge/components/CrugeUserManager.php (252)
in /Applications/MAMP/htdocs/grupo12/spp_ieci_ici/protected/modules/cruge/models/ui/CrugeLogon.php (58)
2014/04/25 06:09:31 [warning] [application] CrugeFactory::getICrugeStoredUser
 **NO HALLADO** 96842198
in /Applications/MAMP/htdocs/grupo12/spp_ieci_ici/protected/modules/cruge/components/CrugeFactory.php (322)
in /Applications/MAMP/htdocs/grupo12/spp_ieci_ici/protected/modules/cruge/components/CrugeUserManager.php (252)
in /Applications/MAMP/htdocs/grupo12/spp_ieci_ici/protected/modules/cruge/models/auth/CrugeAuthDefault.php (68)
2014/04/25 06:09:31 [error] [application] UiController
CrugeUser->validate es false
<div class="errorSummary"><p>Please fix the following input errors:</p>
<ul>
<li>User not found</li>
<li>usuario o correo invalido</li>
</ul></div>
in /Applications/MAMP/htdocs/grupo12/spp_ieci_ici/protected/modules/cruge/controllers/UiController.php (158)
in /Applications/MAMP/htdocs/grupo12/spp_ieci_ici/index.php (13)
2014/04/25 06:09:41 [warning] [application] CrugeFactory::getICrugeStoredUser
 **NO HALLADO** 96842198
in /Applications/MAMP/htdocs/grupo12/spp_ieci_ici/protected/modules/cruge/components/CrugeFactory.php (322)
in /Applications/MAMP/htdocs/grupo12/spp_ieci_ici/protected/modules/cruge/components/CrugeUserManager.php (252)
in /Applications/MAMP/htdocs/grupo12/spp_ieci_ici/protected/modules/cruge/models/ui/CrugeLogon.php (58)
2014/04/25 06:09:41 [warning] [application] CrugeFactory::getICrugeStoredUser
 **NO HALLADO** 96842198
in /Applications/MAMP/htdocs/grupo12/spp_ieci_ici/protected/modules/cruge/components/CrugeFactory.php (322)
in /Applications/MAMP/htdocs/grupo12/spp_ieci_ici/protected/modules/cruge/components/CrugeUserManager.php (252)
in /Applications/MAMP/htdocs/grupo12/spp_ieci_ici/protected/modules/cruge/models/auth/CrugeAuthDefault.php (68)
2014/04/25 06:09:41 [error] [application] UiController
CrugeUser->validate es false
<div class="errorSummary"><p>Please fix the following input errors:</p>
<ul>
<li>User not found</li>
<li>usuario o correo invalido</li>
</ul></div>
in /Applications/MAMP/htdocs/grupo12/spp_ieci_ici/protected/modules/cruge/controllers/UiController.php (158)
in /Applications/MAMP/htdocs/grupo12/spp_ieci_ici/index.php (13)
2014/04/25 06:09:43 [warning] [application] CrugeFactory::getICrugeStoredUser
 **NO HALLADO** 96842198
in /Applications/MAMP/htdocs/grupo12/spp_ieci_ici/protected/modules/cruge/components/CrugeFactory.php (322)
in /Applications/MAMP/htdocs/grupo12/spp_ieci_ici/protected/modules/cruge/components/CrugeUserManager.php (252)
in /Applications/MAMP/htdocs/grupo12/spp_ieci_ici/protected/modules/cruge/models/ui/CrugeLogon.php (58)
2014/04/25 06:09:43 [warning] [application] CrugeFactory::getICrugeStoredUser
 **NO HALLADO** 96842198
in /Applications/MAMP/htdocs/grupo12/spp_ieci_ici/protected/modules/cruge/components/CrugeFactory.php (322)
in /Applications/MAMP/htdocs/grupo12/spp_ieci_ici/protected/modules/cruge/components/CrugeUserManager.php (252)
in /Applications/MAMP/htdocs/grupo12/spp_ieci_ici/protected/modules/cruge/models/auth/CrugeAuthDefault.php (68)
2014/04/25 06:09:43 [error] [application] UiController
CrugeUser->validate es false
<div class="errorSummary"><p>Please fix the following input errors:</p>
<ul>
<li>User not found</li>
<li>usuario o correo invalido</li>
</ul></div>
in /Applications/MAMP/htdocs/grupo12/spp_ieci_ici/protected/modules/cruge/controllers/UiController.php (158)
in /Applications/MAMP/htdocs/grupo12/spp_ieci_ici/index.php (13)
2014/04/25 06:46:57 [warning] [application] Failed to set unsafe attribute "regdate" of "CrugeStoredUser".
in /Applications/MAMP/htdocs/grupo12/spp_ieci_ici/protected/modules/cruge/models/data/CrugeStoredUser.php (134)
in /Applications/MAMP/htdocs/grupo12/spp_ieci_ici/protected/modules/cruge/controllers/UiController.php (240)
in /Applications/MAMP/htdocs/grupo12/spp_ieci_ici/protected/modules/cruge/controllers/UiController.php (222)
2014/04/25 06:46:57 [warning] [application] Failed to set unsafe attribute "actdate" of "CrugeStoredUser".
in /Applications/MAMP/htdocs/grupo12/spp_ieci_ici/protected/modules/cruge/models/data/CrugeStoredUser.php (134)
in /Applications/MAMP/htdocs/grupo12/spp_ieci_ici/protected/modules/cruge/controllers/UiController.php (240)
in /Applications/MAMP/htdocs/grupo12/spp_ieci_ici/protected/modules/cruge/controllers/UiController.php (222)
2014/04/25 06:46:57 [warning] [application] Failed to set unsafe attribute "logondate" of "CrugeStoredUser".
in /Applications/MAMP/htdocs/grupo12/spp_ieci_ici/protected/modules/cruge/models/data/CrugeStoredUser.php (134)
in /Applications/MAMP/htdocs/grupo12/spp_ieci_ici/protected/modules/cruge/controllers/UiController.php (240)
in /Applications/MAMP/htdocs/grupo12/spp_ieci_ici/protected/modules/cruge/controllers/UiController.php (222)
2014/04/25 06:49:04 [warning] [application] Failed to set unsafe attribute "regdate" of "CrugeStoredUser".
in /Applications/MAMP/htdocs/grupo12/spp_ieci_ici/protected/modules/cruge/models/data/CrugeStoredUser.php (134)
in /Applications/MAMP/htdocs/grupo12/spp_ieci_ici/protected/modules/cruge/controllers/UiController.php (240)
in /Applications/MAMP/htdocs/grupo12/spp_ieci_ici/protected/modules/cruge/controllers/UiController.php (230)
2014/04/25 06:49:04 [warning] [application] Failed to set unsafe attribute "actdate" of "CrugeStoredUser".
in /Applications/MAMP/htdocs/grupo12/spp_ieci_ici/protected/modules/cruge/models/data/CrugeStoredUser.php (134)
in /Applications/MAMP/htdocs/grupo12/spp_ieci_ici/protected/modules/cruge/controllers/UiController.php (240)
in /Applications/MAMP/htdocs/grupo12/spp_ieci_ici/protected/modules/cruge/controllers/UiController.php (230)
2014/04/25 06:49:04 [warning] [application] Failed to set unsafe attribute "logondate" of "CrugeStoredUser".
in /Applications/MAMP/htdocs/grupo12/spp_ieci_ici/protected/modules/cruge/models/data/CrugeStoredUser.php (134)
in /Applications/MAMP/htdocs/grupo12/spp_ieci_ici/protected/modules/cruge/controllers/UiController.php (240)
in /Applications/MAMP/htdocs/grupo12/spp_ieci_ici/protected/modules/cruge/controllers/UiController.php (230)
2014/04/25 07:22:54 [warning] [application] CrugeFactory::getICrugeStoredUser
 **NO HALLADO** 96842198
in /Applications/MAMP/htdocs/grupo12/spp_ieci_ici/protected/modules/cruge/components/CrugeFactory.php (322)
in /Applications/MAMP/htdocs/grupo12/spp_ieci_ici/protected/modules/cruge/components/CrugeUserManager.php (252)
in /Applications/MAMP/htdocs/grupo12/spp_ieci_ici/protected/modules/cruge/models/ui/CrugeLogon.php (58)
2014/04/25 07:22:54 [warning] [application] CrugeFactory::getICrugeStoredUser
 **NO HALLADO** 96842198
in /Applications/MAMP/htdocs/grupo12/spp_ieci_ici/protected/modules/cruge/components/CrugeFactory.php (322)
in /Applications/MAMP/htdocs/grupo12/spp_ieci_ici/protected/modules/cruge/components/CrugeUserManager.php (252)
in /Applications/MAMP/htdocs/grupo12/spp_ieci_ici/protected/modules/cruge/models/auth/CrugeAuthDefault.php (68)
2014/04/25 07:22:54 [error] [application] UiController
CrugeUser->validate es false
<div class="errorSummary"><p>Please fix the following input errors:</p>
<ul>
<li>User not found</li>
<li>usuario o correo invalido</li>
</ul></div>
in /Applications/MAMP/htdocs/grupo12/spp_ieci_ici/protected/modules/cruge/controllers/UiController.php (158)
in /Applications/MAMP/htdocs/grupo12/spp_ieci_ici/index.php (13)
2014/04/25 07:23:01 [warning] [application] CrugeFactory::getICrugeStoredUser
 **NO HALLADO** 96842198
in /Applications/MAMP/htdocs/grupo12/spp_ieci_ici/protected/modules/cruge/components/CrugeFactory.php (322)
in /Applications/MAMP/htdocs/grupo12/spp_ieci_ici/protected/modules/cruge/components/CrugeUserManager.php (252)
in /Applications/MAMP/htdocs/grupo12/spp_ieci_ici/protected/modules/cruge/models/ui/CrugeLogon.php (58)
2014/04/25 07:23:01 [warning] [application] CrugeFactory::getICrugeStoredUser
 **NO HALLADO** 96842198
in /Applications/MAMP/htdocs/grupo12/spp_ieci_ici/protected/modules/cruge/components/CrugeFactory.php (322)
in /Applications/MAMP/htdocs/grupo12/spp_ieci_ici/protected/modules/cruge/components/CrugeUserManager.php (252)
in /Applications/MAMP/htdocs/grupo12/spp_ieci_ici/protected/modules/cruge/models/auth/CrugeAuthDefault.php (68)
2014/04/25 07:23:01 [error] [application] UiController
CrugeUser->validate es false
<div class="errorSummary"><p>Please fix the following input errors:</p>
<ul>
<li>User not found</li>
<li>usuario o correo invalido</li>
</ul></div>
in /Applications/MAMP/htdocs/grupo12/spp_ieci_ici/protected/modules/cruge/controllers/UiController.php (158)
in /Applications/MAMP/htdocs/grupo12/spp_ieci_ici/index.php (13)
2014/04/25 07:23:06 [warning] [application] CrugeFactory::getICrugeStoredUser
 **NO HALLADO** 96842198
in /Applications/MAMP/htdocs/grupo12/spp_ieci_ici/protected/modules/cruge/components/CrugeFactory.php (322)
in /Applications/MAMP/htdocs/grupo12/spp_ieci_ici/protected/modules/cruge/components/CrugeUserManager.php (252)
in /Applications/MAMP/htdocs/grupo12/spp_ieci_ici/protected/modules/cruge/models/ui/CrugeLogon.php (58)
2014/04/25 07:23:06 [warning] [application] CrugeFactory::getICrugeStoredUser
 **NO HALLADO** 96842198
in /Applications/MAMP/htdocs/grupo12/spp_ieci_ici/protected/modules/cruge/components/CrugeFactory.php (322)
in /Applications/MAMP/htdocs/grupo12/spp_ieci_ici/protected/modules/cruge/components/CrugeUserManager.php (252)
in /Applications/MAMP/htdocs/grupo12/spp_ieci_ici/protected/modules/cruge/models/auth/CrugeAuthDefault.php (68)
2014/04/25 07:23:06 [error] [application] UiController
CrugeUser->validate es false
<div class="errorSummary"><p>Please fix the following input errors:</p>
<ul>
<li>User not found</li>
<li>usuario o correo invalido</li>
</ul></div>
in /Applications/MAMP/htdocs/grupo12/spp_ieci_ici/protected/modules/cruge/controllers/UiController.php (158)
in /Applications/MAMP/htdocs/grupo12/spp_ieci_ici/index.php (13)
2014/04/25 07:23:16 [error] [application] UiController
CrugeUser->validate es false
<div class="errorSummary"><p>Please fix the following input errors:</p>
<ul>
<li>clave invalida</li>
</ul></div>
in /Applications/MAMP/htdocs/grupo12/spp_ieci_ici/protected/modules/cruge/controllers/UiController.php (158)
in /Applications/MAMP/htdocs/grupo12/spp_ieci_ici/index.php (13)
2014/04/25 07:24:19 [error] [exception.CHttpException.404] exception 'CHttpException' with message 'The system is unable to find the requested action "index".' in /Applications/MAMP/htdocs/grupo12/yii/framework/web/CController.php:483
Stack trace:
#0 /Applications/MAMP/htdocs/grupo12/yii/framework/web/CController.php(270): CController->missingAction('')
#1 /Applications/MAMP/htdocs/grupo12/yii/framework/web/CWebApplication.php(282): CController->run('')
#2 /Applications/MAMP/htdocs/grupo12/yii/framework/web/CWebApplication.php(141): CWebApplication->runController('cruge')
#3 /Applications/MAMP/htdocs/grupo12/yii/framework/base/CApplication.php(180): CWebApplication->processRequest()
#4 /Applications/MAMP/htdocs/grupo12/spp_ieci_ici/index.php(13): CApplication->run()
#5 {main}
REQUEST_URI=/grupo12/spp_ieci_ici/index.php?r=cruge
---
2014/04/25 07:24:37 [error] [application] UiController
CrugeUser->validate es false
<div class="errorSummary"><p>Please fix the following input errors:</p>
<ul>
<li>clave invalida</li>
</ul></div>
in /Applications/MAMP/htdocs/grupo12/spp_ieci_ici/protected/modules/cruge/controllers/UiController.php (158)
in /Applications/MAMP/htdocs/grupo12/spp_ieci_ici/index.php (13)
2014/04/25 07:24:43 [error] [application] UiController
CrugeUser->validate es false
<div class="errorSummary"><p>Please fix the following input errors:</p>
<ul>
<li>clave invalida</li>
</ul></div>
in /Applications/MAMP/htdocs/grupo12/spp_ieci_ici/protected/modules/cruge/controllers/UiController.php (158)
in /Applications/MAMP/htdocs/grupo12/spp_ieci_ici/index.php (13)
2014/04/25 07:25:14 [error] [exception.CException] exception 'CException' with message 'Cannot add "Secretaria" as a child of itself.' in /Applications/MAMP/htdocs/grupo12/spp_ieci_ici/protected/modules/cruge/components/CrugeAuthManager.php:327
Stack trace:
#0 /Applications/MAMP/htdocs/grupo12/spp_ieci_ici/protected/modules/cruge/controllers/UiController.php(782): CrugeAuthManager->addItemChild('Secretaria', 'Secretaria')
#1 /Applications/MAMP/htdocs/grupo12/yii/framework/web/actions/CInlineAction.php(49): UiController->actionRbacAjaxSetChildItem()
#2 /Applications/MAMP/htdocs/grupo12/yii/framework/web/CController.php(308): CInlineAction->runWithParams(Array)
#3 /Applications/MAMP/htdocs/grupo12/yii/framework/web/filters/CFilterChain.php(133): CController->runAction(Object(CInlineAction))
#4 /Applications/MAMP/htdocs/grupo12/spp_ieci_ici/protected/modules/cruge/components/CrugeAccessControlFilter.php(90): CFilterChain->run()
#5 /Applications/MAMP/htdocs/grupo12/spp_ieci_ici/protected/modules/cruge/components/CrugeUiAccessControlFilter.php(37): CrugeAccessControlFilter->preFilter(Object(CFilterChain))
#6 /Applications/MAMP/htdocs/grupo12/yii/framework/web/filters/CFilter.php(38): CrugeUiAccessControlFilter->preFilter(Object(CFilterChain))
#7 /Applications/MAMP/htdocs/grupo12/yii/framework/web/filters/CFilterChain.php(130): CFilter->filter(Object(CFilterChain))
#8 /Applications/MAMP/htdocs/grupo12/yii/framework/web/filters/CFilter.php(40): CFilterChain->run()
#9 /Applications/MAMP/htdocs/grupo12/yii/framework/web/CController.php(1145): CFilter->filter(Object(CFilterChain))
#10 /Applications/MAMP/htdocs/grupo12/yii/framework/web/filters/CInlineFilter.php(58): CController->filterAccessControl(Object(CFilterChain))
#11 /Applications/MAMP/htdocs/grupo12/yii/framework/web/filters/CFilterChain.php(130): CInlineFilter->filter(Object(CFilterChain))
#12 /Applications/MAMP/htdocs/grupo12/yii/framework/web/CController.php(291): CFilterChain->run()
#13 /Applications/MAMP/htdocs/grupo12/yii/framework/web/CController.php(265): CController->runActionWithFilters(Object(CInlineAction), Array)
#14 /Applications/MAMP/htdocs/grupo12/yii/framework/web/CWebApplication.php(282): CController->run('rbacajaxsetchil...')
#15 /Applications/MAMP/htdocs/grupo12/yii/framework/web/CWebApplication.php(141): CWebApplication->runController('cruge/ui/rbacaj...')
#16 /Applications/MAMP/htdocs/grupo12/yii/framework/base/CApplication.php(180): CWebApplication->processRequest()
#17 /Applications/MAMP/htdocs/grupo12/spp_ieci_ici/index.php(13): CApplication->run()
#18 {main}
REQUEST_URI=/grupo12/spp_ieci_ici/index.php?r=cruge/ui/rbacajaxsetchilditem
HTTP_REFERER=http://localhost:8888/grupo12/spp_ieci_ici/index.php?r=cruge/ui/rbacauthitemchilditems&id=Secretaria
---
2014/04/25 07:25:16 [error] [exception.CException] exception 'CException' with message 'Cannot add "Secretaria" as a child of itself.' in /Applications/MAMP/htdocs/grupo12/spp_ieci_ici/protected/modules/cruge/components/CrugeAuthManager.php:327
Stack trace:
#0 /Applications/MAMP/htdocs/grupo12/spp_ieci_ici/protected/modules/cruge/controllers/UiController.php(782): CrugeAuthManager->addItemChild('Secretaria', 'Secretaria')
#1 /Applications/MAMP/htdocs/grupo12/yii/framework/web/actions/CInlineAction.php(49): UiController->actionRbacAjaxSetChildItem()
#2 /Applications/MAMP/htdocs/grupo12/yii/framework/web/CController.php(308): CInlineAction->runWithParams(Array)
#3 /Applications/MAMP/htdocs/grupo12/yii/framework/web/filters/CFilterChain.php(133): CController->runAction(Object(CInlineAction))
#4 /Applications/MAMP/htdocs/grupo12/spp_ieci_ici/protected/modules/cruge/components/CrugeAccessControlFilter.php(90): CFilterChain->run()
#5 /Applications/MAMP/htdocs/grupo12/spp_ieci_ici/protected/modules/cruge/components/CrugeUiAccessControlFilter.php(37): CrugeAccessControlFilter->preFilter(Object(CFilterChain))
#6 /Applications/MAMP/htdocs/grupo12/yii/framework/web/filters/CFilter.php(38): CrugeUiAccessControlFilter->preFilter(Object(CFilterChain))
#7 /Applications/MAMP/htdocs/grupo12/yii/framework/web/filters/CFilterChain.php(130): CFilter->filter(Object(CFilterChain))
#8 /Applications/MAMP/htdocs/grupo12/yii/framework/web/filters/CFilter.php(40): CFilterChain->run()
#9 /Applications/MAMP/htdocs/grupo12/yii/framework/web/CController.php(1145): CFilter->filter(Object(CFilterChain))
#10 /Applications/MAMP/htdocs/grupo12/yii/framework/web/filters/CInlineFilter.php(58): CController->filterAccessControl(Object(CFilterChain))
#11 /Applications/MAMP/htdocs/grupo12/yii/framework/web/filters/CFilterChain.php(130): CInlineFilter->filter(Object(CFilterChain))
#12 /Applications/MAMP/htdocs/grupo12/yii/framework/web/CController.php(291): CFilterChain->run()
#13 /Applications/MAMP/htdocs/grupo12/yii/framework/web/CController.php(265): CController->runActionWithFilters(Object(CInlineAction), Array)
#14 /Applications/MAMP/htdocs/grupo12/yii/framework/web/CWebApplication.php(282): CController->run('rbacajaxsetchil...')
#15 /Applications/MAMP/htdocs/grupo12/yii/framework/web/CWebApplication.php(141): CWebApplication->runController('cruge/ui/rbacaj...')
#16 /Applications/MAMP/htdocs/grupo12/yii/framework/base/CApplication.php(180): CWebApplication->processRequest()
#17 /Applications/MAMP/htdocs/grupo12/spp_ieci_ici/index.php(13): CApplication->run()
#18 {main}
REQUEST_URI=/grupo12/spp_ieci_ici/index.php?r=cruge/ui/rbacajaxsetchilditem
HTTP_REFERER=http://localhost:8888/grupo12/spp_ieci_ici/index.php?r=cruge/ui/rbacauthitemchilditems&id=Secretaria
---
2014/04/25 07:25:51 [error] [application] UiController
CrugeUser->validate es false
<div class="errorSummary"><p>Please fix the following input errors:</p>
<ul>
<li>clave invalida</li>
</ul></div>
in /Applications/MAMP/htdocs/grupo12/spp_ieci_ici/protected/modules/cruge/controllers/UiController.php (158)
in /Applications/MAMP/htdocs/grupo12/spp_ieci_ici/index.php (13)
2014/04/25 07:26:19 [error] [exception.CHttpException.404] exception 'CHttpException' with message 'Unable to resolve the request "usuario/datos".' in /Applications/MAMP/htdocs/grupo12/yii/framework/web/CWebApplication.php:286
Stack trace:
#0 /Applications/MAMP/htdocs/grupo12/yii/framework/web/CWebApplication.php(141): CWebApplication->runController('usuario/datos')
#1 /Applications/MAMP/htdocs/grupo12/yii/framework/base/CApplication.php(180): CWebApplication->processRequest()
#2 /Applications/MAMP/htdocs/grupo12/spp_ieci_ici/index.php(13): CApplication->run()
#3 {main}
REQUEST_URI=/grupo12/spp_ieci_ici/index.php?r=usuario/datos&id=
HTTP_REFERER=http://localhost:8888/grupo12/spp_ieci_ici/index.php
---
2014/04/25 07:26:28 [error] [exception.CHttpException.404] exception 'CHttpException' with message 'Unable to resolve the request "usuario/datos".' in /Applications/MAMP/htdocs/grupo12/yii/framework/web/CWebApplication.php:286
Stack trace:
#0 /Applications/MAMP/htdocs/grupo12/yii/framework/web/CWebApplication.php(141): CWebApplication->runController('usuario/datos')
#1 /Applications/MAMP/htdocs/grupo12/yii/framework/base/CApplication.php(180): CWebApplication->processRequest()
#2 /Applications/MAMP/htdocs/grupo12/spp_ieci_ici/index.php(13): CApplication->run()
#3 {main}
REQUEST_URI=/grupo12/spp_ieci_ici/index.php?r=usuario/datos&id=
HTTP_REFERER=http://localhost:8888/grupo12/spp_ieci_ici/index.php
---
2014/04/25 07:26:32 [error] [exception.CHttpException.404] exception 'CHttpException' with message 'Unable to resolve the request "ofertaPractica/index".' in /Applications/MAMP/htdocs/grupo12/yii/framework/web/CWebApplication.php:286
Stack trace:
#0 /Applications/MAMP/htdocs/grupo12/yii/framework/web/CWebApplication.php(141): CWebApplication->runController('ofertaPractica/...')
#1 /Applications/MAMP/htdocs/grupo12/yii/framework/base/CApplication.php(180): CWebApplication->processRequest()
#2 /Applications/MAMP/htdocs/grupo12/spp_ieci_ici/index.php(13): CApplication->run()
#3 {main}
REQUEST_URI=/grupo12/spp_ieci_ici/index.php?r=ofertaPractica/index
HTTP_REFERER=http://localhost:8888/grupo12/spp_ieci_ici/index.php
---
2014/04/25 07:26:35 [error] [exception.CHttpException.404] exception 'CHttpException' with message 'Unable to resolve the request "empleador/index".' in /Applications/MAMP/htdocs/grupo12/yii/framework/web/CWebApplication.php:286
Stack trace:
#0 /Applications/MAMP/htdocs/grupo12/yii/framework/web/CWebApplication.php(141): CWebApplication->runController('empleador/index')
#1 /Applications/MAMP/htdocs/grupo12/yii/framework/base/CApplication.php(180): CWebApplication->processRequest()
#2 /Applications/MAMP/htdocs/grupo12/spp_ieci_ici/index.php(13): CApplication->run()
#3 {main}
REQUEST_URI=/grupo12/spp_ieci_ici/index.php?r=empleador/index
HTTP_REFERER=http://localhost:8888/grupo12/spp_ieci_ici/index.php
---
2014/04/25 07:26:42 [error] [exception.CHttpException.403] exception 'CHttpException' with message 'You are not authorized to perform this action.' in /Applications/MAMP/htdocs/grupo12/yii/framework/web/auth/CAccessControlFilter.php:182
Stack trace:
#0 /Applications/MAMP/htdocs/grupo12/yii/framework/web/auth/CAccessControlFilter.php(145): CAccessControlFilter->accessDenied(Object(CrugeWebUser), 'You are not aut...')
#1 /Applications/MAMP/htdocs/grupo12/yii/framework/web/filters/CFilter.php(38): CAccessControlFilter->preFilter(Object(CFilterChain))
#2 /Applications/MAMP/htdocs/grupo12/yii/framework/web/CController.php(1145): CFilter->filter(Object(CFilterChain))
#3 /Applications/MAMP/htdocs/grupo12/yii/framework/web/filters/CInlineFilter.php(58): CController->filterAccessControl(Object(CFilterChain))
#4 /Applications/MAMP/htdocs/grupo12/yii/framework/web/filters/CFilterChain.php(130): CInlineFilter->filter(Object(CFilterChain))
#5 /Applications/MAMP/htdocs/grupo12/yii/framework/web/CController.php(291): CFilterChain->run()
#6 /Applications/MAMP/htdocs/grupo12/yii/framework/web/CController.php(265): CController->runActionWithFilters(Object(CInlineAction), Array)
#7 /Applications/MAMP/htdocs/grupo12/yii/framework/web/CWebApplication.php(282): CController->run('admin')
#8 /Applications/MAMP/htdocs/grupo12/yii/framework/web/CWebApplication.php(141): CWebApplication->runController('aLUMNO/admin')
#9 /Applications/MAMP/htdocs/grupo12/yii/framework/base/CApplication.php(180): CWebApplication->processRequest()
#10 /Applications/MAMP/htdocs/grupo12/spp_ieci_ici/index.php(13): CApplication->run()
#11 {main}
REQUEST_URI=/grupo12/spp_ieci_ici/index.php?r=aLUMNO/admin
HTTP_REFERER=http://localhost:8888/grupo12/spp_ieci_ici/index.php?r=ALUMNO/index&id=
---
2014/04/25 07:29:56 [error] [exception.CHttpException.404] exception 'CHttpException' with message 'Unable to resolve the request "empleador/index".' in /Applications/MAMP/htdocs/grupo12/yii/framework/web/CWebApplication.php:286
Stack trace:
#0 /Applications/MAMP/htdocs/grupo12/yii/framework/web/CWebApplication.php(141): CWebApplication->runController('empleador/index')
#1 /Applications/MAMP/htdocs/grupo12/yii/framework/base/CApplication.php(180): CWebApplication->processRequest()
#2 /Applications/MAMP/htdocs/grupo12/spp_ieci_ici/index.php(13): CApplication->run()
#3 {main}
REQUEST_URI=/grupo12/spp_ieci_ici/index.php?r=empleador/index
HTTP_REFERER=http://localhost:8888/grupo12/spp_ieci_ici/index.php
---
2014/04/28 00:15:55 [error] [exception.CException] exception 'CException' with message 'Property "ALUMNO.us_rut" is not defined.' in /Applications/MAMP/htdocs/grupo12/yii/framework/base/CComponent.php:130
Stack trace:
#0 /Applications/MAMP/htdocs/grupo12/yii/framework/db/ar/CActiveRecord.php(145): CComponent->__get('us_rut')
#1 /Applications/MAMP/htdocs/grupo12/spp_ieci_ici/protected/views/aLUMNO/_view.php(9): CActiveRecord->__get('us_rut')
#2 /Applications/MAMP/htdocs/grupo12/yii/framework/web/CBaseController.php(130): require('/Applications/M...')
#3 /Applications/MAMP/htdocs/grupo12/yii/framework/web/CBaseController.php(95): CBaseController->renderInternal('/Applications/M...', Array, false)
#4 /Applications/MAMP/htdocs/grupo12/yii/framework/zii/widgets/CListView.php(291): CBaseController->renderFile('/Applications/M...', Array)
#5 /Applications/MAMP/htdocs/grupo12/yii/framework/zii/widgets/CBaseListView.php(167): CListView->renderItems()
#6 [internal function]: CBaseListView->renderSection(Array)
#7 /Applications/MAMP/htdocs/grupo12/yii/framework/zii/widgets/CBaseListView.php(150): preg_replace_callback('/{(\w+)}/', Array, '{summary}?{sort...')
#8 /Applications/MAMP/htdocs/grupo12/yii/framework/zii/widgets/CBaseListView.php(135): CBaseListView->renderContent()
#9 /Applications/MAMP/htdocs/grupo12/yii/framework/web/CBaseController.php(173): CBaseListView->run()
#10 /Applications/MAMP/htdocs/grupo12/spp_ieci_ici/protected/views/aLUMNO/index.php(21): CBaseController->widget('zii.widgets.CLi...', Array)
#11 /Applications/MAMP/htdocs/grupo12/yii/framework/web/CBaseController.php(126): require('/Applications/M...')
#12 /Applications/MAMP/htdocs/grupo12/yii/framework/web/CBaseController.php(95): CBaseController->renderInternal('/Applications/M...', Array, true)
#13 /Applications/MAMP/htdocs/grupo12/yii/framework/web/CController.php(869): CBaseController->renderFile('/Applications/M...', Array, true)
#14 /Applications/MAMP/htdocs/grupo12/yii/framework/web/CController.php(782): CController->renderPartial('index', Array, true)
#15 /Applications/MAMP/htdocs/grupo12/spp_ieci_ici/protected/controllers/ALUMNOController.php(128): CController->render('index', Array)
#16 /Applications/MAMP/htdocs/grupo12/yii/framework/web/actions/CInlineAction.php(49): ALUMNOController->actionIndex()
#17 /Applications/MAMP/htdocs/grupo12/yii/framework/web/CController.php(308): CInlineAction->runWithParams(Array)
#18 /Applications/MAMP/htdocs/grupo12/yii/framework/web/filters/CFilterChain.php(133): CController->runAction(Object(CInlineAction))
#19 /Applications/MAMP/htdocs/grupo12/yii/framework/web/filters/CFilter.php(40): CFilterChain->run()
#20 /Applications/MAMP/htdocs/grupo12/yii/framework/web/CController.php(1145): CFilter->filter(Object(CFilterChain))
#21 /Applications/MAMP/htdocs/grupo12/yii/framework/web/filters/CInlineFilter.php(58): CController->filterAccessControl(Object(CFilterChain))
#22 /Applications/MAMP/htdocs/grupo12/yii/framework/web/filters/CFilterChain.php(130): CInlineFilter->filter(Object(CFilterChain))
#23 /Applications/MAMP/htdocs/grupo12/yii/framework/web/CController.php(291): CFilterChain->run()
#24 /Applications/MAMP/htdocs/grupo12/yii/framework/web/CController.php(265): CController->runActionWithFilters(Object(CInlineAction), Array)
#25 /Applications/MAMP/htdocs/grupo12/yii/framework/web/CWebApplication.php(282): CController->run('index')
#26 /Applications/MAMP/htdocs/grupo12/yii/framework/web/CWebApplication.php(141): CWebApplication->runController('ALUMNO/index')
#27 /Applications/MAMP/htdocs/grupo12/yii/framework/base/CApplication.php(180): CWebApplication->processRequest()
#28 /Applications/MAMP/htdocs/grupo12/spp_ieci_ici/index.php(13): CApplication->run()
#29 {main}
REQUEST_URI=/grupo12/spp_ieci_ici/index.php?r=ALUMNO/index&id=
HTTP_REFERER=http://localhost:8888/grupo12/spp_ieci_ici/index.php?r=site/index
---
2014/04/28 00:29:35 [error] [exception.CDbException] exception 'CDbException' with message 'CDbConnection failed to open the DB connection: SQLSTATE[42000] [1044] Access denied for user 'grupo12'@'localhost' to database 'spp_grupo12v2'' in /Applications/MAMP/htdocs/grupo12/yii/framework/db/CDbConnection.php:382
Stack trace:
#0 /Applications/MAMP/htdocs/grupo12/yii/framework/db/CDbConnection.php(330): CDbConnection->open()
#1 /Applications/MAMP/htdocs/grupo12/yii/framework/db/CDbConnection.php(308): CDbConnection->setActive(true)
#2 /Applications/MAMP/htdocs/grupo12/yii/framework/base/CModule.php(387): CDbConnection->init()
#3 /Applications/MAMP/htdocs/grupo12/yii/framework/base/CApplication.php(450): CModule->getComponent('db')
#4 /Applications/MAMP/htdocs/grupo12/yii/framework/db/ar/CActiveRecord.php(634): CApplication->getDb()
#5 /Applications/MAMP/htdocs/grupo12/yii/framework/db/ar/CActiveRecord.php(1428): CActiveRecord->getDbConnection()
#6 /Applications/MAMP/htdocs/grupo12/yii/framework/db/ar/CActiveRecord.php(1484): CActiveRecord->getTableAlias(true)
#7 /Applications/MAMP/htdocs/grupo12/spp_ieci_ici/protected/modules/cruge/models/data/CrugeSession.php(90): CActiveRecord->findByPk('34')
#8 /Applications/MAMP/htdocs/grupo12/spp_ieci_ici/protected/modules/cruge/components/CrugeFactory.php(46): CrugeSession::loadModel('34')
#9 /Applications/MAMP/htdocs/grupo12/spp_ieci_ici/protected/modules/cruge/components/CrugeUserManager.php(412): CrugeFactory->getICrugeSession('34')
#10 /Applications/MAMP/htdocs/grupo12/spp_ieci_ici/protected/modules/cruge/components/CrugeWebUser.php(451): CrugeUserManager->loadSession('34')
#11 /Applications/MAMP/htdocs/grupo12/spp_ieci_ici/protected/modules/cruge/components/CrugeWebUser.php(229): CrugeWebUser->getICrugeSession()
#12 /Applications/MAMP/htdocs/grupo12/spp_ieci_ici/protected/modules/cruge/components/CrugeWebUser.php(242): CrugeWebUser->getId()
#13 /Applications/MAMP/htdocs/grupo12/yii/framework/web/auth/CWebUser.php(200): CrugeWebUser->getIsGuest()
#14 /Applications/MAMP/htdocs/grupo12/spp_ieci_ici/protected/modules/cruge/components/CrugeWebUser.php(45): CWebUser->init()
#15 /Applications/MAMP/htdocs/grupo12/yii/framework/base/CModule.php(387): CrugeWebUser->init()
#16 /Applications/MAMP/htdocs/grupo12/yii/framework/base/CModule.php(103): CModule->getComponent('user')
#17 /Applications/MAMP/htdocs/grupo12/spp_ieci_ici/protected/views/site/index.php(12): CModule->__get('user')
#18 /Applications/MAMP/htdocs/grupo12/yii/framework/web/CBaseController.php(126): require('/Applications/M...')
#19 /Applications/MAMP/htdocs/grupo12/yii/framework/web/CBaseController.php(95): CBaseController->renderInternal('/Applications/M...', NULL, true)
#20 /Applications/MAMP/htdocs/grupo12/yii/framework/web/CController.php(869): CBaseController->renderFile('/Applications/M...', NULL, true)
#21 /Applications/MAMP/htdocs/grupo12/yii/framework/web/CController.php(782): CController->renderPartial('index', NULL, true)
#22 /Applications/MAMP/htdocs/grupo12/spp_ieci_ici/protected/controllers/SiteController.php(32): CController->render('index')
#23 /Applications/MAMP/htdocs/grupo12/yii/framework/web/actions/CInlineAction.php(49): SiteController->actionIndex()
#24 /Applications/MAMP/htdocs/grupo12/yii/framework/web/CController.php(308): CInlineAction->runWithParams(Array)
#25 /Applications/MAMP/htdocs/grupo12/yii/framework/web/CController.php(286): CController->runAction(Object(CInlineAction))
#26 /Applications/MAMP/htdocs/grupo12/yii/framework/web/CController.php(265): CController->runActionWithFilters(Object(CInlineAction), Array)
#27 /Applications/MAMP/htdocs/grupo12/yii/framework/web/CWebApplication.php(282): CController->run('index')
#28 /Applications/MAMP/htdocs/grupo12/yii/framework/web/CWebApplication.php(141): CWebApplication->runController('site/index')
#29 /Applications/MAMP/htdocs/grupo12/yii/framework/base/CApplication.php(180): CWebApplication->processRequest()
#30 /Applications/MAMP/htdocs/grupo12/spp_ieci_ici/index.php(13): CApplication->run()
#31 {main}
REQUEST_URI=/grupo12/spp_ieci_ici/index.php?r=site/index
HTTP_REFERER=http://localhost:8888/grupo12/spp_ieci_ici/index.php?r=aLUMNO/create
---
